<?xml version="1.0" encoding="UTF-8"?>
<!-- Generated by org.testng.reporters.JUnitReportReporter -->
<testsuite hostname="vivobook-asuslaptop-x512flc-x512fl" failures="0" tests="3" name="Bug.HSB_82.Goto_Bug" time="33.571" errors="0" timestamp="2023-11-06T17:57:40 IST" skipped="0">
  <testcase classname="Bug.HSB_82.Goto_Bug" name="Login" time="24.270"/>
  <system-out/>
  <testcase classname="Bug.HSB_82.Goto_Bug" name="table" time="2.417"/>
  <system-out/>
  <testcase classname="Bug.HSB_82.Goto_Bug" name="Brain_Id" time="6.884"/>
  <system-out/>
</testsuite> <!-- Bug.HSB_82.Goto_Bug -->
